This is XeTeX, Version 3.141592653-2.6-0.999996 (TeX Live 2025/dev/Debian) (preloaded format=xelatex 2026.4.12)  12 APR 2026 21:10
entering extended mode
 \write18 enabled.
 file:line:error style messages enabled.
 %&-line parsing enabled.
**/mnt/UbuntuHost/vlad/IdeaProjects/DiplomPasterisator/make_diplom
(/mnt/UbuntuHost/vlad/IdeaProjects/DiplomPasterisator/make_diplom.tex
LaTeX2e <2024-11-01> patch level 2
L3 programming layer <2025-01-18>
(/usr/share/texlive/texmf-dist/tex/latex/base/article.cls
Document Class: article 2024/06/29 v1.4n Standard LaTeX document class
(/usr/share/texlive/texmf-dist/tex/latex/base/size10.clo
File: size10.clo 2024/06/29 v1.4n Standard LaTeX file (size option)
)
\c@part=\count192
\c@section=\count193
\c@subsection=\count194
\c@subsubsection=\count195
\c@paragraph=\count196
\c@subparagraph=\count197
\c@figure=\count198
\c@table=\count199
\abovecaptionskip=\skip49
\belowcaptionskip=\skip50
\bibindent=\dimen141
) (/usr/share/texlive/texmf-dist/tex/latex/pdfpages/pdfpages.sty
Package: pdfpages 2025/01/30 v0.6e Insert pages of external PDF documents (AM)
 (/usr/share/texlive/texmf-dist/tex/latex/base/ifthen.sty
Package: ifthen 2024/03/16 v1.1e Standard LaTeX ifthen package (DPC)
) (/usr/share/texlive/texmf-dist/tex/latex/tools/calc.sty
Package: calc 2023/07/08 v4.3 Infix arithmetic (KKT,FJ)
\calc@Acount=\count266
\calc@Bcount=\count267
\calc@Adimen=\dimen142
\calc@Bdimen=\dimen143
\calc@Askip=\skip51
\calc@Bskip=\skip52
LaTeX Info: Redefining \setlength on input line 80.
LaTeX Info: Redefining \addtolength on input line 81.
\calc@Ccount=\count268
\calc@Cskip=\skip53
) (/usr/share/texlive/texmf-dist/tex/latex/eso-pic/eso-pic.sty
Package: eso-pic 2023/05/03 v3.0c eso-pic (RN)
\ESO@tempdima=\dimen144
\ESO@tempdimb=\dimen145
 (/usr/share/texlive/texmf-dist/tex/latex/graphics/keyval.sty
Package: keyval 2022/05/29 v1.15 key=value parser (DPC)
\KV@toks@=\toks17
) (/usr/share/texlive/texmf-dist/tex/latex/xcolor/xcolor.sty
Package: xcolor 2024/09/29 v3.02 LaTeX color extensions (UK)
 (/usr/share/texlive/texmf-dist/tex/latex/graphics-cfg/color.cfg
File: color.cfg 2016/01/02 v1.6 sample color configuration
)
Package xcolor Info: Driver file: xetex.def on input line 274.
 (/usr/share/texlive/texmf-dist/tex/latex/graphics-def/xetex.def
File: xetex.def 2022/09/22 v5.0n Graphics/color driver for xetex
) (/usr/share/texlive/texmf-dist/tex/latex/graphics/mathcolor.ltx)
Package xcolor Info: Model `cmy' substituted by `cmy0' on input line 1349.
Package xcolor Info: Model `RGB' extended on input line 1365.
Package xcolor Info: Model `HTML' substituted by `rgb' on input line 1367.
Package xcolor Info: Model `Hsb' substituted by `hsb' on input line 1368.
Package xcolor Info: Model `tHsb' substituted by `hsb' on input line 1369.
Package xcolor Info: Model `HSB' substituted by `hsb' on input line 1370.
Package xcolor Info: Model `Gray' substituted by `gray' on input line 1371.
Package xcolor Info: Model `wave' substituted by `hsb' on input line 1372.
)) (/usr/share/texlive/texmf-dist/tex/latex/etoolbox/etoolbox.sty
Package: etoolbox 2025/02/11 v2.5l e-TeX tools for LaTeX (JAW)
\etb@tempcnta=\count269
) (/usr/share/texlive/texmf-dist/tex/latex/graphics/graphicx.sty
Package: graphicx 2021/09/16 v1.2d Enhanced LaTeX Graphics (DPC,SPQR)
 (/usr/share/texlive/texmf-dist/tex/latex/graphics/graphics.sty
Package: graphics 2024/08/06 v1.4g Standard LaTeX Graphics (DPC,SPQR)
 (/usr/share/texlive/texmf-dist/tex/latex/graphics/trig.sty
Package: trig 2023/12/02 v1.11 sin cos tan (DPC)
) (/usr/share/texlive/texmf-dist/tex/latex/graphics-cfg/graphics.cfg
File: graphics.cfg 2016/06/04 v1.11 sample graphics configuration
)
Package graphics Info: Driver file: xetex.def on input line 106.
)
\Gin@req@height=\dimen146
\Gin@req@width=\dimen147
)
\AM@pagewidth=\dimen148
\AM@pageheight=\dimen149
\AM@fboxrule=\dimen150
 (/usr/share/texlive/texmf-dist/tex/latex/pdfpages/ppxetex.def
File: ppxetex.def 2025/01/30 v0.6e Pdfpages driver for XeTeX (AM)
)
\pdfpages@includegraphics@status=\count270
\AM@pagebox=\box52
\AM@global@opts=\toks18
\AM@pagecnt=\count271
\AM@toc@title=\toks19
\AM@lof@heading=\toks20
\c@AM@survey=\count272
\AM@templatesizebox=\box53
) (/usr/share/texlive/texmf-dist/tex/latex/l3backend/l3backend-xetex.def
File: l3backend-xetex.def 2024-05-08 L3 backend support: XeTeX
\g__graphics_track_int=\count273
\l__pdf_internal_box=\box54
\g__pdf_backend_annotation_int=\count274
\g__pdf_backend_link_int=\count275
)
No file make_diplom.aux.
\openout1 = `make_diplom.aux'.

LaTeX Font Info:    Checking defaults for OML/cmm/m/it on input line 3.
LaTeX Font Info:    ... okay on input line 3.
LaTeX Font Info:    Checking defaults for OMS/cmsy/m/n on input line 3.
LaTeX Font Info:    ... okay on input line 3.
LaTeX Font Info:    Checking defaults for OT1/cmr/m/n on input line 3.
LaTeX Font Info:    ... okay on input line 3.
LaTeX Font Info:    Checking defaults for T1/cmr/m/n on input line 3.
LaTeX Font Info:    ... okay on input line 3.
LaTeX Font Info:    Checking defaults for TS1/cmr/m/n on input line 3.
LaTeX Font Info:    ... okay on input line 3.
LaTeX Font Info:    Checking defaults for TU/lmr/m/n on input line 3.
LaTeX Font Info:    ... okay on input line 3.
LaTeX Font Info:    Checking defaults for OMX/cmex/m/n on input line 3.
LaTeX Font Info:    ... okay on input line 3.
LaTeX Font Info:    Checking defaults for U/cmr/m/n on input line 3.
LaTeX Font Info:    ... okay on input line 3.
(/usr/share/texlive/texmf-dist/tex/latex/pdflscape/pdflscape.sty
Package: pdflscape 2022-10-27 v0.13 Display of landscape pages in PDF
 (/usr/share/texlive/texmf-dist/tex/latex/pdflscape/pdflscape-nometadata.sty
Package: pdflscape-nometadata 2022-10-28 v0.13 Display of landscape pages in PDF (HO)
 (/usr/share/texlive/texmf-dist/tex/generic/iftex/iftex.sty
Package: iftex 2024/12/12 v1.0g TeX engine tests
) (/usr/share/texlive/texmf-dist/tex/latex/graphics/lscape.sty
Package: lscape 2020/05/28 v3.02 Landscape Pages (DPC)
)
Package pdflscape Info: Auto-detected driver: dvipdfm (xetex) on input line 98.
))

/mnt/UbuntuHost/vlad/IdeaProjects/DiplomPasterisator/make_diplom.tex:4: Package pdfpages Error: Cannot find file `title/out/title.pdf'.

See the pdfpages package documentation for explanation.
Type  H <return>  for immediate help.
 ...                                              
                                                  
l.4 ...itpaper=true, pages=-]{title/out/title.pdf}
                                                  
This error message was generated by an \errmessage
command, so I can't give any explicit help.
Pretend that you're Hercule Poirot: Examine all clues,
and deduce the truth by order and method.


/mnt/UbuntuHost/vlad/IdeaProjects/DiplomPasterisator/make_diplom.tex:4: Package pdfpages Error: Cannot find file `-'.

See the pdfpages package documentation for explanation.
Type  H <return>  for immediate help.
 ...                                              
                                                  
l.4 ...itpaper=true, pages=-]{title/out/title.pdf}
                                                  
(That was another \errmessage.)

/mnt/UbuntuHost/vlad/IdeaProjects/DiplomPasterisator/make_diplom.tex:4: Undefined control sequence.
\AM@expand@range ...M@i \relax \@tempcntb =\AM@ii 
                                                  \relax \ifnum \@tempcnta <...
l.4 ...itpaper=true, pages=-]{title/out/title.pdf}
                                                  
The control sequence at the end of the top line
of your error message was never \def'ed. If you have
misspelled it (e.g., `\hobx'), type `I' and the correct
spelling (e.g., `I\hbox'). Otherwise just continue,
and I'll forget about whatever was undefined.

/mnt/UbuntuHost/vlad/IdeaProjects/DiplomPasterisator/make_diplom.tex:4: Missing number, treated as zero.
<to be read again> 
                   \relax 
l.4 ...itpaper=true, pages=-]{title/out/title.pdf}
                                                  
A number should have been here; I inserted `0'.
(If you can't figure out why I needed to see a number,
look up `weird error' in the index to The TeXbook.)

/mnt/UbuntuHost/vlad/IdeaProjects/DiplomPasterisator/make_diplom.tex:4: Undefined control sequence.
\AM@checkpagenumber #1->\ifnum #1>\AM@pagecount 
                                                \relax \ifthenelse {\boolean...
l.4 ...itpaper=true, pages=-]{title/out/title.pdf}
                                                  
The control sequence at the end of the top line
of your error message was never \def'ed. If you have
misspelled it (e.g., `\hobx'), type `I' and the correct
spelling (e.g., `I\hbox'). Otherwise just continue,
and I'll forget about whatever was undefined.

/mnt/UbuntuHost/vlad/IdeaProjects/DiplomPasterisator/make_diplom.tex:4: Missing number, treated as zero.
<to be read again> 
                   \relax 
l.4 ...itpaper=true, pages=-]{title/out/title.pdf}
                                                  
A number should have been here; I inserted `0'.
(If you can't figure out why I needed to see a number,
look up `weird error' in the index to The TeXbook.)


/mnt/UbuntuHost/vlad/IdeaProjects/DiplomPasterisator/make_diplom.tex:4: Package pdfpages Error: Page 1 of `\AM@currentdocname ' does not exist.

See the pdfpages package documentation for explanation.
Type  H <return>  for immediate help.
 ...                                              
                                                  
l.4 ...itpaper=true, pages=-]{title/out/title.pdf}
                                                  
You have set a wrong page number in the `pages' option. Document 
`\AM@currentdocname ' does not have 1 pages.

/mnt/UbuntuHost/vlad/IdeaProjects/DiplomPasterisator/make_diplom.tex:4: Undefined control sequence.
\AM@checkpagenumber #1->\ifnum #1>\AM@pagecount 
                                                \relax \ifthenelse {\boolean...
l.4 ...itpaper=true, pages=-]{title/out/title.pdf}
                                                  
The control sequence at the end of the top line
of your error message was never \def'ed. If you have
misspelled it (e.g., `\hobx'), type `I' and the correct
spelling (e.g., `I\hbox'). Otherwise just continue,
and I'll forget about whatever was undefined.

/mnt/UbuntuHost/vlad/IdeaProjects/DiplomPasterisator/make_diplom.tex:4: Missing number, treated as zero.
<to be read again> 
                   \relax 
l.4 ...itpaper=true, pages=-]{title/out/title.pdf}
                                                  
A number should have been here; I inserted `0'.
(If you can't figure out why I needed to see a number,
look up `weird error' in the index to The TeXbook.)


/mnt/UbuntuHost/vlad/IdeaProjects/DiplomPasterisator/make_diplom.tex:5: Package pdfpages Error: Cannot find file `task_form/out/task_form.pdf'.

See the pdfpages package documentation for explanation.
Type  H <return>  for immediate help.
 ...                                              
                                                  
l.5 ...true, pages=-]{task_form/out/task_form.pdf}
                                                  
(That was another \errmessage.)


/mnt/UbuntuHost/vlad/IdeaProjects/DiplomPasterisator/make_diplom.tex:5: Package pdfpages Error: Cannot find file `-'.

See the pdfpages package documentation for explanation.
Type  H <return>  for immediate help.
 ...                                              
                                                  
l.5 ...true, pages=-]{task_form/out/task_form.pdf}
                                                  
(That was another \errmessage.)

/mnt/UbuntuHost/vlad/IdeaProjects/DiplomPasterisator/make_diplom.tex:5: Undefined control sequence.
\AM@expand@range ...M@i \relax \@tempcntb =\AM@ii 
                                                  \relax \ifnum \@tempcnta <...
l.5 ...true, pages=-]{task_form/out/task_form.pdf}
                                                  
The control sequence at the end of the top line
of your error message was never \def'ed. If you have
misspelled it (e.g., `\hobx'), type `I' and the correct
spelling (e.g., `I\hbox'). Otherwise just continue,
and I'll forget about whatever was undefined.

/mnt/UbuntuHost/vlad/IdeaProjects/DiplomPasterisator/make_diplom.tex:5: Missing number, treated as zero.
<to be read again> 
                   \relax 
l.5 ...true, pages=-]{task_form/out/task_form.pdf}
                                                  
A number should have been here; I inserted `0'.
(If you can't figure out why I needed to see a number,
look up `weird error' in the index to The TeXbook.)

/mnt/UbuntuHost/vlad/IdeaProjects/DiplomPasterisator/make_diplom.tex:5: Undefined control sequence.
\AM@checkpagenumber #1->\ifnum #1>\AM@pagecount 
                                                \relax \ifthenelse {\boolean...
l.5 ...true, pages=-]{task_form/out/task_form.pdf}
                                                  
The control sequence at the end of the top line
of your error message was never \def'ed. If you have
misspelled it (e.g., `\hobx'), type `I' and the correct
spelling (e.g., `I\hbox'). Otherwise just continue,
and I'll forget about whatever was undefined.

/mnt/UbuntuHost/vlad/IdeaProjects/DiplomPasterisator/make_diplom.tex:5: Missing number, treated as zero.
<to be read again> 
                   \relax 
l.5 ...true, pages=-]{task_form/out/task_form.pdf}
                                                  
A number should have been here; I inserted `0'.
(If you can't figure out why I needed to see a number,
look up `weird error' in the index to The TeXbook.)


/mnt/UbuntuHost/vlad/IdeaProjects/DiplomPasterisator/make_diplom.tex:5: Package pdfpages Error: Page 1 of `\AM@currentdocname ' does not exist.

See the pdfpages package documentation for explanation.
Type  H <return>  for immediate help.
 ...                                              
                                                  
l.5 ...true, pages=-]{task_form/out/task_form.pdf}
                                                  
You have set a wrong page number in the `pages' option. Document 
`\AM@currentdocname ' does not have 1 pages.

/mnt/UbuntuHost/vlad/IdeaProjects/DiplomPasterisator/make_diplom.tex:5: Undefined control sequence.
\AM@checkpagenumber #1->\ifnum #1>\AM@pagecount 
                                                \relax \ifthenelse {\boolean...
l.5 ...true, pages=-]{task_form/out/task_form.pdf}
                                                  
The control sequence at the end of the top line
of your error message was never \def'ed. If you have
misspelled it (e.g., `\hobx'), type `I' and the correct
spelling (e.g., `I\hbox'). Otherwise just continue,
and I'll forget about whatever was undefined.

/mnt/UbuntuHost/vlad/IdeaProjects/DiplomPasterisator/make_diplom.tex:5: Missing number, treated as zero.
<to be read again> 
                   \relax 
l.5 ...true, pages=-]{task_form/out/task_form.pdf}
                                                  
A number should have been here; I inserted `0'.
(If you can't figure out why I needed to see a number,
look up `weird error' in the index to The TeXbook.)


/mnt/UbuntuHost/vlad/IdeaProjects/DiplomPasterisator/make_diplom.tex:6: Package pdfpages Error: Cannot find file `annotation/out/annotation.pdf'.

See the pdfpages package documentation for explanation.
Type  H <return>  for immediate help.
 ...                                              
                                                  
l.6 ...ue, pages=-]{annotation/out/annotation.pdf}
                                                  
(That was another \errmessage.)


/mnt/UbuntuHost/vlad/IdeaProjects/DiplomPasterisator/make_diplom.tex:6: Package pdfpages Error: Cannot find file `-'.

See the pdfpages package documentation for explanation.
Type  H <return>  for immediate help.
 ...                                              
                                                  
l.6 ...ue, pages=-]{annotation/out/annotation.pdf}
                                                  
(That was another \errmessage.)

/mnt/UbuntuHost/vlad/IdeaProjects/DiplomPasterisator/make_diplom.tex:6: Undefined control sequence.
\AM@expand@range ...M@i \relax \@tempcntb =\AM@ii 
                                                  \relax \ifnum \@tempcnta <...
l.6 ...ue, pages=-]{annotation/out/annotation.pdf}
                                                  
The control sequence at the end of the top line
of your error message was never \def'ed. If you have
misspelled it (e.g., `\hobx'), type `I' and the correct
spelling (e.g., `I\hbox'). Otherwise just continue,
and I'll forget about whatever was undefined.

/mnt/UbuntuHost/vlad/IdeaProjects/DiplomPasterisator/make_diplom.tex:6: Missing number, treated as zero.
<to be read again> 
                   \relax 
l.6 ...ue, pages=-]{annotation/out/annotation.pdf}
                                                  
A number should have been here; I inserted `0'.
(If you can't figure out why I needed to see a number,
look up `weird error' in the index to The TeXbook.)

/mnt/UbuntuHost/vlad/IdeaProjects/DiplomPasterisator/make_diplom.tex:6: Undefined control sequence.
\AM@checkpagenumber #1->\ifnum #1>\AM@pagecount 
                                                \relax \ifthenelse {\boolean...
l.6 ...ue, pages=-]{annotation/out/annotation.pdf}
                                                  
The control sequence at the end of the top line
of your error message was never \def'ed. If you have
misspelled it (e.g., `\hobx'), type `I' and the correct
spelling (e.g., `I\hbox'). Otherwise just continue,
and I'll forget about whatever was undefined.

/mnt/UbuntuHost/vlad/IdeaProjects/DiplomPasterisator/make_diplom.tex:6: Missing number, treated as zero.
<to be read again> 
                   \relax 
l.6 ...ue, pages=-]{annotation/out/annotation.pdf}
                                                  
A number should have been here; I inserted `0'.
(If you can't figure out why I needed to see a number,
look up `weird error' in the index to The TeXbook.)


/mnt/UbuntuHost/vlad/IdeaProjects/DiplomPasterisator/make_diplom.tex:6: Package pdfpages Error: Page 1 of `\AM@currentdocname ' does not exist.

See the pdfpages package documentation for explanation.
Type  H <return>  for immediate help.
 ...                                              
                                                  
l.6 ...ue, pages=-]{annotation/out/annotation.pdf}
                                                  
You have set a wrong page number in the `pages' option. Document 
`\AM@currentdocname ' does not have 1 pages.

/mnt/UbuntuHost/vlad/IdeaProjects/DiplomPasterisator/make_diplom.tex:6: Undefined control sequence.
\AM@checkpagenumber #1->\ifnum #1>\AM@pagecount 
                                                \relax \ifthenelse {\boolean...
l.6 ...ue, pages=-]{annotation/out/annotation.pdf}
                                                  
The control sequence at the end of the top line
of your error message was never \def'ed. If you have
misspelled it (e.g., `\hobx'), type `I' and the correct
spelling (e.g., `I\hbox'). Otherwise just continue,
and I'll forget about whatever was undefined.

/mnt/UbuntuHost/vlad/IdeaProjects/DiplomPasterisator/make_diplom.tex:6: Missing number, treated as zero.
<to be read again> 
                   \relax 
l.6 ...ue, pages=-]{annotation/out/annotation.pdf}
                                                  
A number should have been here; I inserted `0'.
(If you can't figure out why I needed to see a number,
look up `weird error' in the index to The TeXbook.)


/mnt/UbuntuHost/vlad/IdeaProjects/DiplomPasterisator/make_diplom.tex:7: Package pdfpages Error: Cannot find file `summary/out/main.pdf'.

See the pdfpages package documentation for explanation.
Type  H <return>  for immediate help.
 ...                                              
                                                  
l.7 ...tpaper=true, pages=-]{summary/out/main.pdf}
                                                  
(That was another \errmessage.)


/mnt/UbuntuHost/vlad/IdeaProjects/DiplomPasterisator/make_diplom.tex:7: Package pdfpages Error: Cannot find file `-'.

See the pdfpages package documentation for explanation.
Type  H <return>  for immediate help.
 ...                                              
                                                  
l.7 ...tpaper=true, pages=-]{summary/out/main.pdf}
                                                  
(That was another \errmessage.)

/mnt/UbuntuHost/vlad/IdeaProjects/DiplomPasterisator/make_diplom.tex:7: Undefined control sequence.
\AM@expand@range ...M@i \relax \@tempcntb =\AM@ii 
                                                  \relax \ifnum \@tempcnta <...
l.7 ...tpaper=true, pages=-]{summary/out/main.pdf}
                                                  
The control sequence at the end of the top line
of your error message was never \def'ed. If you have
misspelled it (e.g., `\hobx'), type `I' and the correct
spelling (e.g., `I\hbox'). Otherwise just continue,
and I'll forget about whatever was undefined.

/mnt/UbuntuHost/vlad/IdeaProjects/DiplomPasterisator/make_diplom.tex:7: Missing number, treated as zero.
<to be read again> 
                   \relax 
l.7 ...tpaper=true, pages=-]{summary/out/main.pdf}
                                                  
A number should have been here; I inserted `0'.
(If you can't figure out why I needed to see a number,
look up `weird error' in the index to The TeXbook.)

/mnt/UbuntuHost/vlad/IdeaProjects/DiplomPasterisator/make_diplom.tex:7: Undefined control sequence.
\AM@checkpagenumber #1->\ifnum #1>\AM@pagecount 
                                                \relax \ifthenelse {\boolean...
l.7 ...tpaper=true, pages=-]{summary/out/main.pdf}
                                                  
The control sequence at the end of the top line
of your error message was never \def'ed. If you have
misspelled it (e.g., `\hobx'), type `I' and the correct
spelling (e.g., `I\hbox'). Otherwise just continue,
and I'll forget about whatever was undefined.

/mnt/UbuntuHost/vlad/IdeaProjects/DiplomPasterisator/make_diplom.tex:7: Missing number, treated as zero.
<to be read again> 
                   \relax 
l.7 ...tpaper=true, pages=-]{summary/out/main.pdf}
                                                  
A number should have been here; I inserted `0'.
(If you can't figure out why I needed to see a number,
look up `weird error' in the index to The TeXbook.)


/mnt/UbuntuHost/vlad/IdeaProjects/DiplomPasterisator/make_diplom.tex:7: Package pdfpages Error: Page 1 of `\AM@currentdocname ' does not exist.

See the pdfpages package documentation for explanation.
Type  H <return>  for immediate help.
 ...                                              
                                                  
l.7 ...tpaper=true, pages=-]{summary/out/main.pdf}
                                                  
You have set a wrong page number in the `pages' option. Document 
`\AM@currentdocname ' does not have 1 pages.

/mnt/UbuntuHost/vlad/IdeaProjects/DiplomPasterisator/make_diplom.tex:7: Undefined control sequence.
\AM@checkpagenumber #1->\ifnum #1>\AM@pagecount 
                                                \relax \ifthenelse {\boolean...
l.7 ...tpaper=true, pages=-]{summary/out/main.pdf}
                                                  
The control sequence at the end of the top line
of your error message was never \def'ed. If you have
misspelled it (e.g., `\hobx'), type `I' and the correct
spelling (e.g., `I\hbox'). Otherwise just continue,
and I'll forget about whatever was undefined.

/mnt/UbuntuHost/vlad/IdeaProjects/DiplomPasterisator/make_diplom.tex:7: Missing number, treated as zero.
<to be read again> 
                   \relax 
l.7 ...tpaper=true, pages=-]{summary/out/main.pdf}
                                                  
A number should have been here; I inserted `0'.
(If you can't figure out why I needed to see a number,
look up `weird error' in the index to The TeXbook.)

File: diplom/out/main.pdf Graphic file (type pdf)
<use diplom/out/main.pdf>
File: diplom/out/main.pdf Graphic file (type pdf)
<use diplom/out/main.pdf, page 1>
File: diplom/out/main.pdf Graphic file (type pdf)
<use diplom/out/main.pdf, page 1>

Overfull \hbox (9.91202pt too wide) in paragraph at lines 4--8
[]\TU/lmr/m/n/10 width=!,height=!,fitpaper=true, pages=-         width=!,height=!,fitpaper=true,
 []


Overfull \hbox (49.94203pt too wide) in paragraph at lines 4--8
\TU/lmr/m/n/10 pages=-         width=!,height=!,fitpaper=true, pages=-         width=!,height=!,fitpaper=true,
 []



[1

]
File: diplom/out/main.pdf Graphic file (type pdf)
<use diplom/out/main.pdf, page 1>
File: diplom/out/main.pdf Graphic file (type pdf)
<use diplom/out/main.pdf, page 1>


File: diplom/out/main.pdf Graphic file (type pdf)
<use diplom/out/main.pdf, page 1>
[2

]
File: diplom/out/main.pdf Graphic file (type pdf)
<use diplom/out/main.pdf, page 2>
File: diplom/out/main.pdf Graphic file (type pdf)
<use diplom/out/main.pdf, page 2>


File: diplom/out/main.pdf Graphic file (type pdf)
<use diplom/out/main.pdf, page 2>
[3

]
File: diplom/out/main.pdf Graphic file (type pdf)
<use diplom/out/main.pdf, page 3>
File: diplom/out/main.pdf Graphic file (type pdf)
<use diplom/out/main.pdf, page 3>


File: diplom/out/main.pdf Graphic file (type pdf)
<use diplom/out/main.pdf, page 3>
[4

]
File: diplom/out/main.pdf Graphic file (type pdf)
<use diplom/out/main.pdf, page 4>
File: diplom/out/main.pdf Graphic file (type pdf)
<use diplom/out/main.pdf, page 4>


File: diplom/out/main.pdf Graphic file (type pdf)
<use diplom/out/main.pdf, page 4>
[5

]
File: diplom/out/main.pdf Graphic file (type pdf)
<use diplom/out/main.pdf, page 5>
File: diplom/out/main.pdf Graphic file (type pdf)
<use diplom/out/main.pdf, page 5>


File: diplom/out/main.pdf Graphic file (type pdf)
<use diplom/out/main.pdf, page 5>
[6

]
File: diplom/out/main.pdf Graphic file (type pdf)
<use diplom/out/main.pdf, page 6>
File: diplom/out/main.pdf Graphic file (type pdf)
<use diplom/out/main.pdf, page 6>


File: diplom/out/main.pdf Graphic file (type pdf)
<use diplom/out/main.pdf, page 6>
[7

]
File: diplom/out/main.pdf Graphic file (type pdf)
<use diplom/out/main.pdf, page 7>
File: diplom/out/main.pdf Graphic file (type pdf)
<use diplom/out/main.pdf, page 7>


File: diplom/out/main.pdf Graphic file (type pdf)
<use diplom/out/main.pdf, page 7>
[8

]
File: diplom/out/main.pdf Graphic file (type pdf)
<use diplom/out/main.pdf, page 8>
File: diplom/out/main.pdf Graphic file (type pdf)
<use diplom/out/main.pdf, page 8>


File: diplom/out/main.pdf Graphic file (type pdf)
<use diplom/out/main.pdf, page 8>
[9

]
File: diplom/out/main.pdf Graphic file (type pdf)
<use diplom/out/main.pdf, page 9>
File: diplom/out/main.pdf Graphic file (type pdf)
<use diplom/out/main.pdf, page 9>


File: diplom/out/main.pdf Graphic file (type pdf)
<use diplom/out/main.pdf, page 9>
[10

]
File: diplom/out/main.pdf Graphic file (type pdf)
<use diplom/out/main.pdf, page 10>
File: diplom/out/main.pdf Graphic file (type pdf)
<use diplom/out/main.pdf, page 10>


File: diplom/out/main.pdf Graphic file (type pdf)
<use diplom/out/main.pdf, page 10>
[11

]
File: diplom/out/main.pdf Graphic file (type pdf)
<use diplom/out/main.pdf, page 11>
File: diplom/out/main.pdf Graphic file (type pdf)
<use diplom/out/main.pdf, page 11>


File: diplom/out/main.pdf Graphic file (type pdf)
<use diplom/out/main.pdf, page 11>
[12

]
File: diplom/out/main.pdf Graphic file (type pdf)
<use diplom/out/main.pdf, page 12>
File: diplom/out/main.pdf Graphic file (type pdf)
<use diplom/out/main.pdf, page 12>


File: diplom/out/main.pdf Graphic file (type pdf)
<use diplom/out/main.pdf, page 12>
[13

]
File: diplom/out/main.pdf Graphic file (type pdf)
<use diplom/out/main.pdf, page 13>
File: diplom/out/main.pdf Graphic file (type pdf)
<use diplom/out/main.pdf, page 13>


File: diplom/out/main.pdf Graphic file (type pdf)
<use diplom/out/main.pdf, page 13>
[14

]
File: diplom/out/main.pdf Graphic file (type pdf)
<use diplom/out/main.pdf, page 14>
File: diplom/out/main.pdf Graphic file (type pdf)
<use diplom/out/main.pdf, page 14>


File: diplom/out/main.pdf Graphic file (type pdf)
<use diplom/out/main.pdf, page 14>
[15

]
File: diplom/out/main.pdf Graphic file (type pdf)
<use diplom/out/main.pdf, page 15>
File: diplom/out/main.pdf Graphic file (type pdf)
<use diplom/out/main.pdf, page 15>


File: diplom/out/main.pdf Graphic file (type pdf)
<use diplom/out/main.pdf, page 15>
[16

]
File: diplom/out/main.pdf Graphic file (type pdf)
<use diplom/out/main.pdf, page 16>
File: diplom/out/main.pdf Graphic file (type pdf)
<use diplom/out/main.pdf, page 16>


File: diplom/out/main.pdf Graphic file (type pdf)
<use diplom/out/main.pdf, page 16>
[17

]
File: diplom/out/main.pdf Graphic file (type pdf)
<use diplom/out/main.pdf, page 17>
File: diplom/out/main.pdf Graphic file (type pdf)
<use diplom/out/main.pdf, page 17>


File: diplom/out/main.pdf Graphic file (type pdf)
<use diplom/out/main.pdf, page 17>
[18

]
File: diplom/out/main.pdf Graphic file (type pdf)
<use diplom/out/main.pdf, page 18>
File: diplom/out/main.pdf Graphic file (type pdf)
<use diplom/out/main.pdf, page 18>


File: diplom/out/main.pdf Graphic file (type pdf)
<use diplom/out/main.pdf, page 18>
[19

]
File: diplom/out/main.pdf Graphic file (type pdf)
<use diplom/out/main.pdf, page 19>
File: diplom/out/main.pdf Graphic file (type pdf)
<use diplom/out/main.pdf, page 19>


File: diplom/out/main.pdf Graphic file (type pdf)
<use diplom/out/main.pdf, page 19>
[20

]
File: diplom/out/main.pdf Graphic file (type pdf)
<use diplom/out/main.pdf, page 20>
File: diplom/out/main.pdf Graphic file (type pdf)
<use diplom/out/main.pdf, page 20>


File: diplom/out/main.pdf Graphic file (type pdf)
<use diplom/out/main.pdf, page 20>
[21

]
File: diplom/out/main.pdf Graphic file (type pdf)
<use diplom/out/main.pdf, page 21>
File: diplom/out/main.pdf Graphic file (type pdf)
<use diplom/out/main.pdf, page 21>


File: diplom/out/main.pdf Graphic file (type pdf)
<use diplom/out/main.pdf, page 21>
[22

]
File: diplom/out/main.pdf Graphic file (type pdf)
<use diplom/out/main.pdf, page 22>
File: diplom/out/main.pdf Graphic file (type pdf)
<use diplom/out/main.pdf, page 22>


File: diplom/out/main.pdf Graphic file (type pdf)
<use diplom/out/main.pdf, page 22>
[23

]
File: diplom/out/main.pdf Graphic file (type pdf)
<use diplom/out/main.pdf, page 23>
File: diplom/out/main.pdf Graphic file (type pdf)
<use diplom/out/main.pdf, page 23>


File: diplom/out/main.pdf Graphic file (type pdf)
<use diplom/out/main.pdf, page 23>
[24

]
File: diplom/out/main.pdf Graphic file (type pdf)
<use diplom/out/main.pdf, page 24>
File: diplom/out/main.pdf Graphic file (type pdf)
<use diplom/out/main.pdf, page 24>


File: diplom/out/main.pdf Graphic file (type pdf)
<use diplom/out/main.pdf, page 24>
[25

]
File: diplom/out/main.pdf Graphic file (type pdf)
<use diplom/out/main.pdf, page 25>
File: diplom/out/main.pdf Graphic file (type pdf)
<use diplom/out/main.pdf, page 25>


File: diplom/out/main.pdf Graphic file (type pdf)
<use diplom/out/main.pdf, page 25>
[26

]
File: diplom/out/main.pdf Graphic file (type pdf)
<use diplom/out/main.pdf, page 26>
File: diplom/out/main.pdf Graphic file (type pdf)
<use diplom/out/main.pdf, page 26>


File: diplom/out/main.pdf Graphic file (type pdf)
<use diplom/out/main.pdf, page 26>
[27

]
File: diplom/out/main.pdf Graphic file (type pdf)
<use diplom/out/main.pdf, page 27>
File: diplom/out/main.pdf Graphic file (type pdf)
<use diplom/out/main.pdf, page 27>


File: diplom/out/main.pdf Graphic file (type pdf)
<use diplom/out/main.pdf, page 27>
[28

]
File: diplom/out/main.pdf Graphic file (type pdf)
<use diplom/out/main.pdf, page 28>
File: diplom/out/main.pdf Graphic file (type pdf)
<use diplom/out/main.pdf, page 28>


File: diplom/out/main.pdf Graphic file (type pdf)
<use diplom/out/main.pdf, page 28>
[29

]
File: diplom/out/main.pdf Graphic file (type pdf)
<use diplom/out/main.pdf, page 29>
File: diplom/out/main.pdf Graphic file (type pdf)
<use diplom/out/main.pdf, page 29>


File: diplom/out/main.pdf Graphic file (type pdf)
<use diplom/out/main.pdf, page 29>
[30

]
File: diplom/out/main.pdf Graphic file (type pdf)
<use diplom/out/main.pdf, page 30>
File: diplom/out/main.pdf Graphic file (type pdf)
<use diplom/out/main.pdf, page 30>


File: diplom/out/main.pdf Graphic file (type pdf)
<use diplom/out/main.pdf, page 30>
[31

]
File: diplom/out/main.pdf Graphic file (type pdf)
<use diplom/out/main.pdf, page 31>
File: diplom/out/main.pdf Graphic file (type pdf)
<use diplom/out/main.pdf, page 31>


File: diplom/out/main.pdf Graphic file (type pdf)
<use diplom/out/main.pdf, page 31>
[32

]
File: diplom/out/main.pdf Graphic file (type pdf)
<use diplom/out/main.pdf, page 32>
File: diplom/out/main.pdf Graphic file (type pdf)
<use diplom/out/main.pdf, page 32>


File: diplom/out/main.pdf Graphic file (type pdf)
<use diplom/out/main.pdf, page 32>
[33

]
File: diplom/out/main.pdf Graphic file (type pdf)
<use diplom/out/main.pdf, page 33>
File: diplom/out/main.pdf Graphic file (type pdf)
<use diplom/out/main.pdf, page 33>


File: diplom/out/main.pdf Graphic file (type pdf)
<use diplom/out/main.pdf, page 33>
[34

]
File: diplom/out/main.pdf Graphic file (type pdf)
<use diplom/out/main.pdf, page 34>
File: diplom/out/main.pdf Graphic file (type pdf)
<use diplom/out/main.pdf, page 34>


File: diplom/out/main.pdf Graphic file (type pdf)
<use diplom/out/main.pdf, page 34>
[35

]
File: diplom/out/main.pdf Graphic file (type pdf)
<use diplom/out/main.pdf, page 35>
File: diplom/out/main.pdf Graphic file (type pdf)
<use diplom/out/main.pdf, page 35>


File: diplom/out/main.pdf Graphic file (type pdf)
<use diplom/out/main.pdf, page 35>
[36

]
File: diplom/out/main.pdf Graphic file (type pdf)
<use diplom/out/main.pdf, page 36>
File: diplom/out/main.pdf Graphic file (type pdf)
<use diplom/out/main.pdf, page 36>


File: diplom/out/main.pdf Graphic file (type pdf)
<use diplom/out/main.pdf, page 36>
[37

]
File: diplom/out/main.pdf Graphic file (type pdf)
<use diplom/out/main.pdf, page 37>
File: diplom/out/main.pdf Graphic file (type pdf)
<use diplom/out/main.pdf, page 37>


File: diplom/out/main.pdf Graphic file (type pdf)
<use diplom/out/main.pdf, page 37>
[38

]
File: diplom/out/main.pdf Graphic file (type pdf)
<use diplom/out/main.pdf, page 38>
File: diplom/out/main.pdf Graphic file (type pdf)
<use diplom/out/main.pdf, page 38>


File: diplom/out/main.pdf Graphic file (type pdf)
<use diplom/out/main.pdf, page 38>
[39

]
File: diplom/out/main.pdf Graphic file (type pdf)
<use diplom/out/main.pdf, page 39>
File: diplom/out/main.pdf Graphic file (type pdf)
<use diplom/out/main.pdf, page 39>


File: diplom/out/main.pdf Graphic file (type pdf)
<use diplom/out/main.pdf, page 39>
[40

]
File: diplom/out/main.pdf Graphic file (type pdf)
<use diplom/out/main.pdf, page 40>
File: diplom/out/main.pdf Graphic file (type pdf)
<use diplom/out/main.pdf, page 40>


File: diplom/out/main.pdf Graphic file (type pdf)
<use diplom/out/main.pdf, page 40>
[41

] (./make_diplom.aux)
 ***********
LaTeX2e <2024-11-01> patch level 2
L3 programming layer <2025-01-18>
 ***********
 ) 
Here is how much of TeX's memory you used:
 2753 strings out of 475106
 45729 string characters out of 5766694
 432156 words of memory out of 5000000
 25696 multiletter control sequences out of 15000+600000
 558845 words of font info for 37 fonts, out of 8000000 for 9000
 682 hyphenation exceptions out of 8191
 72i,17n,79p,293b,444s stack positions out of 10000i,1000n,20000p,200000b,200000s

Output written on make_diplom.pdf (41 pages).
