mktextfm Arial
mktextfm Arial
mktextfm Arial
mktextfm Arial/BI
mktextfm Arial
mktextfm Arial/B
mktextfm Arial
mktextfm Arial/I
mktextfm Arial
mktextfm Arial
mktextfm Arial/OT
mktextfm Arial/OT
mktextfm Arial/OT
mktextfm Arial/BI/OT
mktextfm Arial/OT
mktextfm Arial/B/OT
mktextfm Arial/OT
mktextfm Arial/I/OT
mktextfm Arial/OT
mktextfm Arial/OT
mktextfm Arial
mktextfm Arial
mktextfm Arial
mktextfm Arial/BI
mktextfm Arial
mktextfm Arial/B
mktextfm Arial
mktextfm Arial/I
mktextfm Arial
mktextfm Arial
mktextfm Arial/OT
mktextfm Arial/OT
mktextfm Arial/OT
mktextfm Arial
mktextfm Arial
mktextfm Arial
mktextfm Arial/BI
mktextfm Arial
mktextfm Arial/B
mktextfm Arial
mktextfm Arial/I
mktextfm Arial
mktextfm Arial
mktextfm Arial/OT
mktextfm Arial/OT
mktextfm Arial/OT
mktextfm Arial/BI/OT
mktextfm Arial/OT
mktextfm Arial/B/OT
mktextfm Arial/OT
mktextfm Arial/I/OT
mktextfm Arial/OT
mktextfm Arial/OT
mktextfm Arial
mktextfm Arial
mktextfm Arial
mktextfm Arial/BI
mktextfm Arial
mktextfm Arial/B
mktextfm Arial
mktextfm Arial/I
mktextfm Arial
mktextfm Arial
mktextfm Arial/OT
mktextfm Arial/OT
mktextfm Arial/OT
